2025-12-02 20:54:29.496 [info] [main] Log level: Info
2025-12-02 20:54:29.496 [info] [main] Validating found git in: "git"
2025-12-02 20:54:29.496 [info] [main] Using git "2.52.0" from "git"
2025-12-02 20:54:29.496 [info] [Model][doInitialScan] Initial repository scan started
2025-12-02 20:54:29.496 [info] > git rev-parse --show-toplevel [48ms]
2025-12-02 20:54:29.496 [info] fatal: not a git repository (or any of the parent directories): .git
2025-12-02 20:54:29.688 [info] > git rev-parse --show-toplevel [253ms]
2025-12-02 20:54:29.688 [info] fatal: this operation must be run in a work tree
2025-12-02 20:54:29.698 [info] > git rev-parse --show-toplevel [3ms]
2025-12-02 20:54:29.698 [info] fatal: not a git repository (or any of the parent directories): .git
2025-12-02 20:54:29.709 [info] > git rev-parse --show-toplevel [3ms]
2025-12-02 20:54:29.709 [info] fatal: not a git repository (or any of the parent directories): .git
2025-12-02 20:54:29.718 [info] > git rev-parse --show-toplevel [2ms]
2025-12-02 20:54:29.718 [info] fatal: not a git repository (or any of the parent directories): .git
2025-12-02 20:54:29.719 [info] [Model][doInitialScan] Initial repository scan completed - repositories (0), closed repositories (0), parent repositories (0), unsafe repositories (0)
2025-12-02 20:54:30.937 [info] > git rev-parse --show-toplevel [25ms]
2025-12-02 20:54:30.938 [info] fatal: not a git repository (or any of the parent directories): .git
2025-12-02 20:56:08.066 [info] > git rev-parse --show-toplevel [3ms]
2025-12-02 20:56:08.088 [info] > git rev-parse --git-dir --git-common-dir --show-superproject-working-tree [13ms]
2025-12-02 20:56:08.113 [info] [Model][openRepository] Opened repository (path): /home/lain/vscodium/projects/WaveX
2025-12-02 20:56:08.113 [info] [Model][openRepository] Opened repository (real path): /home/lain/vscodium/projects/WaveX
2025-12-02 20:56:08.113 [info] [Model][openRepository] Opened repository (kind): repository
2025-12-02 20:56:08.136 [info] > git config --get commit.template [12ms]
2025-12-02 20:56:08.671 [info] > git for-each-ref --format=%(refname)%00%(upstream:short)%00%(objectname)%00%(upstream:track)%00%(upstream:remotename)%00%(upstream:remoteref) refs/heads/main refs/remotes/main [538ms]
2025-12-02 20:56:08.814 [info] > git for-each-ref --sort -committerdate --format %(refname)%00%(objectname)%00%(*objectname) [21ms]
2025-12-02 20:56:08.893 [info] > git status -z -uall [131ms]
2025-12-02 20:56:09.002 [info] > git for-each-ref --format=%(refname)%00%(upstream:short)%00%(objectname)%00%(upstream:track)%00%(upstream:remotename)%00%(upstream:remoteref) refs/heads/main refs/remotes/main [36ms]
2025-12-02 20:56:09.028 [info] > git config --get --local branch.main.vscode-merge-base [11ms]
2025-12-02 20:56:09.042 [info] > git config --get commit.template [43ms]
2025-12-02 20:56:09.054 [info] > git for-each-ref --format=%(refname)%00%(upstream:short)%00%(objectname)%00%(upstream:track)%00%(upstream:remotename)%00%(upstream:remoteref) refs/heads/origin/main refs/remotes/origin/main [12ms]
2025-12-02 20:56:09.072 [info] > git for-each-ref --format=%(refname)%00%(upstream:short)%00%(objectname)%00%(upstream:track)%00%(upstream:remotename)%00%(upstream:remoteref) refs/heads/main refs/remotes/main [19ms]
2025-12-02 20:56:09.073 [info] > git merge-base refs/heads/main refs/remotes/origin/main [4ms]
2025-12-02 20:56:09.120 [info] > git diff --name-status -z --diff-filter=ADMR --find-renames=50% afa342e11314871d8d6abf840b5ef5db26b0a45c...refs/remotes/origin/main -- [34ms]
2025-12-02 20:56:09.123 [info] > git status -z -uall [22ms]
2025-12-02 20:56:09.125 [info] > git for-each-ref --sort -committerdate --format %(refname)%00%(objectname)%00%(*objectname) [9ms]
2025-12-02 20:56:09.220 [info] > git check-ignore -v -z --stdin [11ms]
2025-12-02 20:56:09.393 [info] > git show --textconv :README.md [53ms]
2025-12-02 20:56:09.394 [info] > git show --textconv HEAD:README.md [44ms]
2025-12-02 20:56:09.394 [info] > git ls-files --stage -- README.md [28ms]
2025-12-02 20:56:09.416 [info] > git cat-file -s 1937b0a53d3b6cbbe1889ca5f156c716ae691caf [12ms]
2025-12-02 20:56:09.417 [info] > git ls-tree -l HEAD -- README.md [35ms]
2025-12-02 20:56:10.088 [info] > git blame --root --incremental afa342e11314871d8d6abf840b5ef5db26b0a45c -- README.md [65ms]
