2025-11-25 20:09:10.439 [info] [main] Log level: Info
2025-11-25 20:09:10.439 [info] [main] Validating found git in: "git"
2025-11-25 20:09:10.439 [info] [main] Using git "2.52.0" from "git"
2025-11-25 20:09:10.439 [info] [Model][doInitialScan] Initial repository scan started
2025-11-25 20:09:10.439 [info] > git rev-parse --show-toplevel [42ms]
2025-11-25 20:09:10.440 [info] fatal: not a git repository (or any of the parent directories): .git
2025-11-25 20:09:10.440 [info] > git rev-parse --show-toplevel [739ms]
2025-11-25 20:09:11.185 [info] > git rev-parse --git-dir --git-common-dir --show-superproject-working-tree [747ms]
2025-11-25 20:09:11.213 [info] [Model][openRepository] Opened repository (path): /home/lain/vscodium/projects/WaveX
2025-11-25 20:09:11.213 [info] [Model][openRepository] Opened repository (real path): /home/lain/vscodium/projects/WaveX
2025-11-25 20:09:11.213 [info] [Model][openRepository] Opened repository (kind): repository
2025-11-25 20:09:11.254 [info] > git rev-parse --show-toplevel [9ms]
2025-11-25 20:09:11.254 [info] fatal: not a git repository (or any of the parent directories): .git
2025-11-25 20:09:11.255 [info] > git config --get commit.template [17ms]
2025-11-25 20:09:11.276 [info] > git rev-parse --show-toplevel [14ms]
2025-11-25 20:09:11.276 [info] fatal: not a git repository (or any of the parent directories): .git
2025-11-25 20:09:11.277 [info] [Model][doInitialScan] Initial repository scan completed - repositories (1), closed repositories (0), parent repositories (0), unsafe repositories (0)
2025-11-25 20:09:11.287 [info] > git rev-parse --show-toplevel [3ms]
2025-11-25 20:09:11.287 [info] fatal: not a git repository (or any of the parent directories): .git
2025-11-25 20:09:11.297 [info] > git rev-parse --show-toplevel [4ms]
2025-11-25 20:09:11.297 [info] fatal: not a git repository (or any of the parent directories): .git
2025-11-25 20:09:11.401 [info] > git for-each-ref --format=%(refname)%00%(upstream:short)%00%(objectname)%00%(upstream:track)%00%(upstream:remotename)%00%(upstream:remoteref) refs/heads/main refs/remotes/main [131ms]
2025-11-25 20:09:11.619 [info] > git for-each-ref --sort -committerdate --format %(refname)%00%(objectname)%00%(*objectname) [64ms]
2025-11-25 20:09:11.622 [info] > git ls-files --stage -- docs/wavex.1 [5ms]
2025-11-25 20:09:11.698 [info] > git status -z -uall [158ms]
2025-11-25 20:09:11.763 [info] > git for-each-ref --format=%(refname)%00%(upstream:short)%00%(objectname)%00%(upstream:track)%00%(upstream:remotename)%00%(upstream:remoteref) refs/heads/main refs/remotes/main [13ms]
2025-11-25 20:09:11.775 [info] > git config --get --local branch.main.vscode-merge-base [5ms]
2025-11-25 20:09:11.782 [info] > git config --get commit.template [19ms]
2025-11-25 20:09:11.792 [info] > git check-ignore -v -z --stdin [3ms]
2025-11-25 20:09:11.794 [info] > git for-each-ref --format=%(refname)%00%(upstream:short)%00%(objectname)%00%(upstream:track)%00%(upstream:remotename)%00%(upstream:remoteref) refs/heads/origin/main refs/remotes/origin/main [13ms]
2025-11-25 20:09:11.813 [info] > git merge-base refs/heads/main refs/remotes/origin/main [10ms]
2025-11-25 20:09:11.824 [info] > git diff --name-status -z --diff-filter=ADMR --find-renames=50% afa342e11314871d8d6abf840b5ef5db26b0a45c...refs/remotes/origin/main -- [3ms]
2025-11-25 20:09:11.826 [info] > git for-each-ref --format=%(refname)%00%(upstream:short)%00%(objectname)%00%(upstream:track)%00%(upstream:remotename)%00%(upstream:remoteref) refs/heads/main refs/remotes/main [15ms]
2025-11-25 20:09:11.841 [info] > git status -z -uall [8ms]
2025-11-25 20:09:11.843 [info] > git for-each-ref --sort -committerdate --format %(refname)%00%(objectname)%00%(*objectname) [3ms]
2025-11-25 20:09:12.481 [info] > git show --textconv :docs/wavex.1 [874ms]
2025-11-25 20:09:12.727 [info] > git cat-file -s 672f183b89eafc7b721a6c55f926c753c3e0f2ce [1099ms]
2025-11-25 20:09:52.959 [info] > git rev-parse --show-toplevel [5ms]
2025-11-25 20:09:52.959 [info] fatal: not a git repository (or any of the parent directories): .git
2025-11-25 20:09:55.640 [info] > git rev-parse --show-toplevel [142ms]
2025-11-25 20:09:55.655 [info] > git rev-parse --git-dir --git-common-dir --show-superproject-working-tree [6ms]
2025-11-25 20:09:55.689 [info] [Model][openRepository] Opened repository (path): /home/lain/vscodium/APIs/kiwiclient
2025-11-25 20:09:55.689 [info] [Model][openRepository] Opened repository (real path): /home/lain/vscodium/APIs/kiwiclient
2025-11-25 20:09:55.689 [info] [Model][openRepository] Opened repository (kind): repository
2025-11-25 20:09:55.709 [info] > git config --get commit.template [3ms]
2025-11-25 20:09:55.715 [warning] [Git][getHEAD] Failed to parse HEAD file: Repository is using reftable format.
2025-11-25 20:09:55.719 [info] > git symbolic-ref --short HEAD [4ms]
2025-11-25 20:09:55.719 [info] fatal: No such ref: HEAD
2025-11-25 20:09:55.729 [info] > git rev-parse HEAD [3ms]
2025-11-25 20:09:55.729 [info] fatal: ambiguous argument 'HEAD': unknown revision or path not in the working tree.
Use '--' to separate paths from revisions, like this:
'git <command> [<revision>...] -- [<file>...]'
2025-11-25 20:09:55.743 [info] > git status -z -uall [9ms]
2025-11-25 20:09:55.745 [info] > git for-each-ref --sort -committerdate --format %(refname)%00%(objectname)%00%(*objectname) [3ms]
2025-11-25 20:09:55.769 [info] > git symbolic-ref --short HEAD [11ms]
2025-11-25 20:09:55.769 [info] fatal: No such ref: HEAD
2025-11-25 20:09:55.777 [info] > git config --get commit.template [9ms]
2025-11-25 20:09:55.778 [info] > git rev-parse HEAD [4ms]
2025-11-25 20:09:55.778 [info] fatal: ambiguous argument 'HEAD': unknown revision or path not in the working tree.
Use '--' to separate paths from revisions, like this:
'git <command> [<revision>...] -- [<file>...]'
2025-11-25 20:09:55.791 [info] > git status -z -uall [7ms]
2025-11-25 20:09:55.793 [info] > git for-each-ref --sort -committerdate --format %(refname)%00%(objectname)%00%(*objectname) [3ms]
2025-11-25 20:09:56.232 [info] > git check-ignore -v -z --stdin [2ms]
2025-11-25 20:09:58.726 [info] > git symbolic-ref --short HEAD [13ms]
2025-11-25 20:09:58.726 [info] fatal: No such ref: HEAD
2025-11-25 20:09:58.735 [info] > git config --get commit.template [11ms]
2025-11-25 20:09:58.737 [info] > git rev-parse HEAD [4ms]
2025-11-25 20:09:58.737 [info] fatal: ambiguous argument 'HEAD': unknown revision or path not in the working tree.
Use '--' to separate paths from revisions, like this:
'git <command> [<revision>...] -- [<file>...]'
2025-11-25 20:09:58.752 [info] > git status -z -uall [10ms]
2025-11-25 20:09:58.754 [info] > git for-each-ref --sort -committerdate --format %(refname)%00%(objectname)%00%(*objectname) [3ms]
2025-11-25 20:10:00.824 [info] > git check-ignore -v -z --stdin [2ms]
2025-11-25 20:10:06.021 [info] > git check-ignore -v -z --stdin [3ms]
2025-11-25 20:10:06.717 [info] > git check-ignore -v -z --stdin [5ms]
2025-11-25 20:10:07.075 [info] > git symbolic-ref --short HEAD [10ms]
2025-11-25 20:10:07.086 [info] > git config --get commit.template [13ms]
2025-11-25 20:10:07.088 [info] > git for-each-ref --format=%(refname)%00%(upstream:short)%00%(objectname)%00%(upstream:track)%00%(upstream:remotename)%00%(upstream:remoteref) refs/heads/master refs/remotes/master [4ms]
2025-11-25 20:10:07.096 [warning] [Git][revParse] Unable to read file: ENOENT: no such file or directory, open '/home/lain/vscodium/APIs/kiwiclient/.git/refs/remotes/origin/master'
2025-11-25 20:10:07.098 [info] > git rev-parse refs/remotes/origin/master [2ms]
2025-11-25 20:10:07.117 [info] > git for-each-ref --sort -committerdate --format %(refname)%00%(objectname)%00%(*objectname) [2ms]
2025-11-25 20:10:07.148 [info] > git status -z -uall [43ms]
2025-11-25 20:10:07.168 [info] > git for-each-ref --format=%(refname)%00%(upstream:short)%00%(objectname)%00%(upstream:track)%00%(upstream:remotename)%00%(upstream:remoteref) refs/heads/master refs/remotes/master [4ms]
2025-11-25 20:10:07.178 [info] > git config --get --local branch.master.vscode-merge-base [1ms]
2025-11-25 20:10:07.178 [warning] [Git][config] git config failed: Failed to execute git
2025-11-25 20:10:07.190 [info] > git reflog master --grep-reflog=branch: Created from *. [5ms]
2025-11-25 20:10:07.199 [info] > git symbolic-ref --short refs/remotes/origin/HEAD [3ms]
2025-11-25 20:10:07.209 [info] > git for-each-ref --format=%(refname)%00%(upstream:short)%00%(objectname)%00%(upstream:track)%00%(upstream:remotename)%00%(upstream:remoteref) refs/heads/origin/master refs/remotes/origin/master [4ms]
2025-11-25 20:10:07.434 [info] > git config --add --local branch.master.vscode-merge-base origin/master [218ms]
2025-11-25 20:10:07.458 [info] > git symbolic-ref --short HEAD [11ms]
2025-11-25 20:10:07.468 [info] > git config --get commit.template [10ms]
2025-11-25 20:10:07.470 [info] > git for-each-ref --format=%(refname)%00%(upstream:short)%00%(objectname)%00%(upstream:track)%00%(upstream:remotename)%00%(upstream:remoteref) refs/heads/master refs/remotes/master [4ms]
2025-11-25 20:10:07.478 [warning] [Git][revParse] Unable to read file: ENOENT: no such file or directory, open '/home/lain/vscodium/APIs/kiwiclient/.git/refs/remotes/origin/master'
2025-11-25 20:10:08.888 [info] > git rev-parse refs/remotes/origin/master [1411ms]
2025-11-25 20:10:08.907 [info] > git for-each-ref --sort -committerdate --format %(refname)%00%(objectname)%00%(*objectname) [6ms]
2025-11-25 20:10:08.930 [info] > git status -z -uall [36ms]
2025-11-25 20:10:08.953 [info] > git merge-base refs/heads/master refs/remotes/origin/master [9ms]
2025-11-25 20:10:08.965 [info] > git diff --name-status -z --diff-filter=ADMR --find-renames=50% 6c6f66dec3c2df49442b5251714eb50f2c9faa50...refs/remotes/origin/master -- [4ms]
2025-11-25 20:10:08.966 [info] > git merge-base refs/heads/master refs/remotes/origin/master [14ms]
2025-11-25 20:10:08.977 [info] > git diff --name-status -z --diff-filter=ADMR --find-renames=50% 6c6f66dec3c2df49442b5251714eb50f2c9faa50...refs/remotes/origin/master -- [3ms]
2025-11-25 20:10:09.420 [info] > git check-ignore -v -z --stdin [2ms]
2025-11-25 20:10:17.740 [info] > git show --textconv :png.py [10ms]
2025-11-25 20:10:17.745 [info] > git ls-files --stage -- png.py [7ms]
2025-11-25 20:10:17.754 [info] > git cat-file -s 8be147a51662f8ebbddb56e29263c9e9ca05360a [3ms]
2025-11-25 20:10:21.437 [info] > git rev-parse --show-toplevel [54ms]
2025-11-25 20:10:21.511 [info] fatal: not a git repository (or any of the parent directories): .git
2025-11-25 20:10:48.939 [info] > git show --textconv :SCANNING [14ms]
2025-11-25 20:10:48.941 [info] > git ls-files --stage -- SCANNING [3ms]
2025-11-25 20:10:48.950 [info] > git cat-file -s 75a142af4a74e9860af8c42cde61b08122936a1c [3ms]
2025-11-25 20:10:58.358 [info] > git show --textconv :docs/wavex.1 [10ms]
2025-11-25 20:10:58.360 [info] > git ls-files --stage -- docs/wavex.1 [4ms]
2025-11-25 20:10:58.369 [info] > git cat-file -s 672f183b89eafc7b721a6c55f926c753c3e0f2ce [4ms]
2025-11-25 20:11:00.676 [info] > git show --textconv :scan_squelch.yaml [12ms]
2025-11-25 20:11:00.679 [info] > git ls-files --stage -- scan_squelch.yaml [3ms]
2025-11-25 20:11:00.689 [info] > git cat-file -s 59cf2108d154a42b350d833e3a1235213cbaf7a6 [3ms]
2025-11-25 20:11:06.203 [info] > git show --textconv :kiwirecorder.py [18ms]
2025-11-25 20:11:06.207 [info] > git ls-files --stage -- kiwirecorder.py [8ms]
2025-11-25 20:11:06.218 [info] > git cat-file -s de4fee340b7a63283211b7e2a017d72092b0dae0 [4ms]
2025-11-25 20:11:35.537 [info] > git config --get commit.template [13ms]
2025-11-25 20:11:35.539 [info] > git for-each-ref --format=%(refname)%00%(upstream:short)%00%(objectname)%00%(upstream:track)%00%(upstream:remotename)%00%(upstream:remoteref) refs/heads/main refs/remotes/main [4ms]
2025-11-25 20:11:35.561 [info] > git for-each-ref --sort -committerdate --format %(refname)%00%(objectname)%00%(*objectname) [2ms]
2025-11-25 20:11:35.790 [info] > git status -z -uall [240ms]
2025-11-25 20:12:17.348 [info] > git config --get commit.template [13ms]
2025-11-25 20:12:17.350 [info] > git for-each-ref --format=%(refname)%00%(upstream:short)%00%(objectname)%00%(upstream:track)%00%(upstream:remotename)%00%(upstream:remoteref) refs/heads/main refs/remotes/main [4ms]
2025-11-25 20:12:17.371 [info] > git status -z -uall [11ms]
2025-11-25 20:12:17.373 [info] > git for-each-ref --sort -committerdate --format %(refname)%00%(objectname)%00%(*objectname) [4ms]
2025-11-25 20:12:22.403 [info] > git config --get commit.template [4ms]
2025-11-25 20:12:22.413 [info] > git for-each-ref --format=%(refname)%00%(upstream:short)%00%(objectname)%00%(upstream:track)%00%(upstream:remotename)%00%(upstream:remoteref) refs/heads/main refs/remotes/main [3ms]
2025-11-25 20:12:22.430 [info] > git status -z -uall [10ms]
2025-11-25 20:12:22.432 [info] > git for-each-ref --sort -committerdate --format %(refname)%00%(objectname)%00%(*objectname) [4ms]
2025-11-25 20:13:04.104 [info] > git config --get commit.template [5ms]
2025-11-25 20:13:04.118 [info] > git for-each-ref --format=%(refname)%00%(upstream:short)%00%(objectname)%00%(upstream:track)%00%(upstream:remotename)%00%(upstream:remoteref) refs/heads/main refs/remotes/main [5ms]
2025-11-25 20:13:04.152 [info] > git status -z -uall [20ms]
2025-11-25 20:13:04.159 [info] > git for-each-ref --sort -committerdate --format %(refname)%00%(objectname)%00%(*objectname) [10ms]
2025-11-25 20:13:18.386 [info] > git config --get commit.template [9ms]
2025-11-25 20:13:18.387 [info] > git for-each-ref --format=%(refname)%00%(upstream:short)%00%(objectname)%00%(upstream:track)%00%(upstream:remotename)%00%(upstream:remoteref) refs/heads/main refs/remotes/main [3ms]
2025-11-25 20:13:18.406 [info] > git status -z -uall [10ms]
2025-11-25 20:13:18.408 [info] > git for-each-ref --sort -committerdate --format %(refname)%00%(objectname)%00%(*objectname) [3ms]
2025-11-25 20:13:44.668 [warning] [Git][getRemotes] Error: ENOENT: no such file or directory, open '/home/lain/vscodium/APIs/kiwiclient/.git/config'
2025-11-25 20:13:44.711 [warning] [Git][getRemotes] Error: ENOENT: no such file or directory, open '/home/lain/vscodium/APIs/kiwiclient/.git/config'
2025-11-25 20:13:44.721 [info] > git config --get commit.template [61ms]
2025-11-25 20:13:44.731 [info] > git for-each-ref --format=%(refname)%00%(upstream:short)%00%(objectname)%00%(upstream:track)%00%(upstream:remotename)%00%(upstream:remoteref) refs/heads/main refs/remotes/main [3ms]
2025-11-25 20:13:44.747 [info] > git status -z -uall [9ms]
2025-11-25 20:13:44.748 [info] > git for-each-ref --sort -committerdate --format %(refname)%00%(objectname)%00%(*objectname) [3ms]
2025-11-25 20:13:45.307 [info] > git check-ignore -v -z --stdin [4ms]
2025-11-25 20:13:57.138 [info] > git config --get commit.template [12ms]
2025-11-25 20:13:57.141 [info] > git for-each-ref --format=%(refname)%00%(upstream:short)%00%(objectname)%00%(upstream:track)%00%(upstream:remotename)%00%(upstream:remoteref) refs/heads/main refs/remotes/main [5ms]
2025-11-25 20:13:57.161 [info] > git status -z -uall [9ms]
2025-11-25 20:13:57.163 [info] > git for-each-ref --sort -committerdate --format %(refname)%00%(objectname)%00%(*objectname) [4ms]
2025-11-25 20:52:54.891 [info] > git config --get commit.template [9ms]
2025-11-25 20:52:54.893 [info] > git for-each-ref --format=%(refname)%00%(upstream:short)%00%(objectname)%00%(upstream:track)%00%(upstream:remotename)%00%(upstream:remoteref) refs/heads/main refs/remotes/main [3ms]
2025-11-25 20:52:54.910 [info] > git status -z -uall [8ms]
2025-11-25 20:52:54.911 [info] > git for-each-ref --sort -committerdate --format %(refname)%00%(objectname)%00%(*objectname) [3ms]
