2025-12-02 20:54:29.437 [info] Reading sessions from keychain...
2025-12-02 20:54:29.437 [info] Getting sessions for all scopes...
2025-12-02 20:54:29.437 [info] Got 0 sessions for ...
2025-12-02 20:54:29.437 [info] Getting sessions for all scopes...
2025-12-02 20:54:29.437 [info] Got 0 sessions for ...
2025-12-02 20:54:29.437 [info] Getting sessions for all scopes...
2025-12-02 20:54:29.437 [info] Got 0 sessions for ...
2025-12-02 20:54:29.437 [info] Getting sessions for all scopes...
2025-12-02 20:54:29.437 [info] Got 0 sessions for ...
2025-12-02 20:54:29.437 [info] Getting sessions for all scopes...
2025-12-02 20:54:29.437 [info] Got 0 sessions for ...
2025-12-02 20:54:29.437 [info] Getting sessions for all scopes...
2025-12-02 20:54:29.437 [info] Got 0 sessions for ...
2025-12-02 20:54:29.437 [info] Getting sessions for all scopes...
2025-12-02 20:54:29.437 [info] Got 0 sessions for ...
2025-12-02 20:54:29.437 [info] Getting sessions for all scopes...
2025-12-02 20:54:29.437 [info] Got 0 sessions for ...
2025-12-02 20:54:29.437 [info] Getting sessions for all scopes...
2025-12-02 20:54:29.437 [info] Got 0 sessions for ...
2025-12-02 20:54:29.437 [info] Getting sessions for all scopes...
2025-12-02 20:54:29.437 [info] Got 0 sessions for ...
2025-12-02 20:54:29.437 [info] Getting sessions for all scopes...
2025-12-02 20:54:29.437 [info] Got 0 sessions for ...
2025-12-02 20:54:29.437 [info] Getting sessions for all scopes...
2025-12-02 20:54:29.437 [info] Got 0 sessions for ...
2025-12-02 20:54:29.437 [info] Getting sessions for all scopes...
2025-12-02 20:54:29.437 [info] Got 0 sessions for ...
2025-12-02 20:54:29.437 [info] Getting sessions for all scopes...
2025-12-02 20:54:29.438 [info] Got 0 sessions for ...
2025-12-02 20:54:29.438 [info] Getting sessions for all scopes...
2025-12-02 20:54:29.438 [info] Got 0 sessions for ...
2025-12-02 20:54:29.438 [info] Getting sessions for all scopes...
2025-12-02 20:54:29.438 [info] Got 0 sessions for ...
2025-12-02 20:56:09.388 [info] Getting sessions for read:user,repo,user:email,workflow...
2025-12-02 20:56:09.388 [info] Got 0 sessions for read:user,repo,user:email,workflow...
