2025-11-25 19:54:52.790 [info] Reading sessions from keychain...
2025-11-25 19:54:52.790 [info] Getting sessions for all scopes...
2025-11-25 19:54:52.959 [info] Got 0 sessions for ...
2025-11-25 19:54:52.960 [info] Getting sessions for all scopes...
2025-11-25 19:54:52.960 [info] Got 0 sessions for ...
2025-11-25 19:54:52.960 [info] Getting sessions for all scopes...
2025-11-25 19:54:52.960 [info] Got 0 sessions for ...
2025-11-25 19:54:52.961 [info] Getting sessions for all scopes...
2025-11-25 19:54:52.962 [info] Got 0 sessions for ...
2025-11-25 19:54:52.962 [info] Getting sessions for all scopes...
2025-11-25 19:54:52.962 [info] Got 0 sessions for ...
2025-11-25 19:54:52.962 [info] Getting sessions for all scopes...
2025-11-25 19:54:52.962 [info] Got 0 sessions for ...
2025-11-25 19:54:52.962 [info] Getting sessions for all scopes...
2025-11-25 19:54:52.962 [info] Got 0 sessions for ...
2025-11-25 19:54:53.054 [info] Getting sessions for all scopes...
2025-11-25 19:54:53.054 [info] Got 0 sessions for ...
2025-11-25 19:54:53.055 [info] Getting sessions for all scopes...
2025-11-25 19:54:53.056 [info] Got 0 sessions for ...
2025-11-25 19:54:53.056 [info] Getting sessions for all scopes...
2025-11-25 19:54:53.056 [info] Got 0 sessions for ...
2025-11-25 19:54:53.057 [info] Getting sessions for all scopes...
2025-11-25 19:54:53.057 [info] Got 0 sessions for ...
2025-11-25 19:54:53.057 [info] Getting sessions for all scopes...
2025-11-25 19:54:53.057 [info] Got 0 sessions for ...
2025-11-25 19:54:53.058 [info] Getting sessions for all scopes...
2025-11-25 19:54:53.058 [info] Got 0 sessions for ...
2025-11-25 19:54:53.941 [info] Getting sessions for all scopes...
2025-11-25 19:54:53.941 [info] Got 0 sessions for ...
2025-11-25 19:54:54.900 [info] Getting sessions for read:user,repo,user:email,workflow...
2025-11-25 19:54:54.900 [info] Got 0 sessions for read:user,repo,user:email,workflow...
2025-11-25 19:54:56.984 [info] Getting sessions for all scopes...
2025-11-25 19:54:56.984 [info] Got 0 sessions for ...
