2025-11-26 19:01:14.139 [info] Reading sessions from keychain...
2025-11-26 19:01:14.139 [info] Getting sessions for all scopes...
2025-11-26 19:01:14.139 [info] Got 0 sessions for ...
2025-11-26 19:01:14.139 [info] Getting sessions for all scopes...
2025-11-26 19:01:14.139 [info] Got 0 sessions for ...
2025-11-26 19:01:14.139 [info] Getting sessions for all scopes...
2025-11-26 19:01:14.139 [info] Got 0 sessions for ...
2025-11-26 19:01:14.139 [info] Getting sessions for all scopes...
2025-11-26 19:01:14.139 [info] Got 0 sessions for ...
2025-11-26 19:01:14.139 [info] Getting sessions for all scopes...
2025-11-26 19:01:14.139 [info] Got 0 sessions for ...
2025-11-26 19:01:14.139 [info] Getting sessions for all scopes...
2025-11-26 19:01:14.139 [info] Got 0 sessions for ...
2025-11-26 19:01:14.139 [info] Getting sessions for all scopes...
2025-11-26 19:01:14.139 [info] Got 0 sessions for ...
2025-11-26 19:01:14.139 [info] Getting sessions for all scopes...
2025-11-26 19:01:14.139 [info] Got 0 sessions for ...
2025-11-26 19:01:14.139 [info] Getting sessions for all scopes...
2025-11-26 19:01:14.139 [info] Got 0 sessions for ...
2025-11-26 19:01:14.168 [info] Getting sessions for all scopes...
2025-11-26 19:01:14.168 [info] Got 0 sessions for ...
2025-11-26 19:01:14.172 [info] Getting sessions for all scopes...
2025-11-26 19:01:14.172 [info] Got 0 sessions for ...
2025-11-26 19:01:14.173 [info] Getting sessions for all scopes...
2025-11-26 19:01:14.173 [info] Got 0 sessions for ...
2025-11-26 19:01:14.174 [info] Getting sessions for all scopes...
2025-11-26 19:01:14.174 [info] Got 0 sessions for ...
2025-11-26 19:01:14.175 [info] Getting sessions for all scopes...
2025-11-26 19:01:14.175 [info] Got 0 sessions for ...
2025-11-26 19:01:14.175 [info] Getting sessions for all scopes...
2025-11-26 19:01:14.175 [info] Got 0 sessions for ...
2025-11-26 19:01:16.071 [info] Getting sessions for all scopes...
2025-11-26 19:01:16.071 [info] Got 0 sessions for ...
2025-11-26 19:06:35.418 [info] Getting sessions for read:user,repo,user:email,workflow...
2025-11-26 19:06:35.419 [info] Got 0 sessions for read:user,repo,user:email,workflow...
2025-11-26 19:07:48.090 [info] Getting sessions for read:user,repo,user:email,workflow...
2025-11-26 19:07:48.090 [info] Got 0 sessions for read:user,repo,user:email,workflow...
