2025-11-25 20:09:08.471 [info] Reading sessions from keychain...
2025-11-25 20:09:08.471 [info] Getting sessions for all scopes...
2025-11-25 20:09:09.189 [info] Got 0 sessions for ...
2025-11-25 20:09:09.190 [info] Getting sessions for all scopes...
2025-11-25 20:09:09.190 [info] Got 0 sessions for ...
2025-11-25 20:09:09.190 [info] Getting sessions for all scopes...
2025-11-25 20:09:09.190 [info] Got 0 sessions for ...
2025-11-25 20:09:09.191 [info] Getting sessions for all scopes...
2025-11-25 20:09:09.191 [info] Got 0 sessions for ...
2025-11-25 20:09:09.191 [info] Getting sessions for all scopes...
2025-11-25 20:09:09.191 [info] Got 0 sessions for ...
2025-11-25 20:09:09.192 [info] Getting sessions for all scopes...
2025-11-25 20:09:09.192 [info] Got 0 sessions for ...
2025-11-25 20:09:09.192 [info] Getting sessions for all scopes...
2025-11-25 20:09:09.192 [info] Got 0 sessions for ...
2025-11-25 20:09:09.192 [info] Getting sessions for all scopes...
2025-11-25 20:09:09.192 [info] Got 0 sessions for ...
2025-11-25 20:09:09.929 [info] Getting sessions for all scopes...
2025-11-25 20:09:10.351 [info] Got 0 sessions for ...
2025-11-25 20:09:10.360 [info] Getting sessions for all scopes...
2025-11-25 20:09:10.360 [info] Got 0 sessions for ...
2025-11-25 20:09:10.361 [info] Getting sessions for all scopes...
2025-11-25 20:09:10.361 [info] Got 0 sessions for ...
2025-11-25 20:09:10.361 [info] Getting sessions for all scopes...
2025-11-25 20:09:10.361 [info] Got 0 sessions for ...
2025-11-25 20:09:10.362 [info] Getting sessions for all scopes...
2025-11-25 20:09:10.362 [info] Got 0 sessions for ...
2025-11-25 20:09:10.363 [info] Getting sessions for all scopes...
2025-11-25 20:09:10.363 [info] Got 0 sessions for ...
2025-11-25 20:09:10.429 [info] Getting sessions for all scopes...
2025-11-25 20:09:10.429 [info] Got 0 sessions for ...
2025-11-25 20:09:11.805 [info] Getting sessions for read:user,repo,user:email,workflow...
2025-11-25 20:09:11.805 [info] Got 0 sessions for read:user,repo,user:email,workflow...
2025-11-25 20:09:55.775 [info] Getting sessions for read:user,repo,user:email,workflow...
2025-11-25 20:09:55.776 [info] Got 0 sessions for read:user,repo,user:email,workflow...
