2025-11-28 09:03:19.993 [info] [main] Log level: Info
2025-11-28 09:03:19.993 [info] [main] Validating found git in: "git"
2025-11-28 09:03:19.993 [info] [main] Using git "2.52.0" from "git"
2025-11-28 09:03:19.993 [info] [Model][doInitialScan] Initial repository scan started
2025-11-28 09:03:19.993 [info] > git rev-parse --show-toplevel [51ms]
2025-11-28 09:03:19.993 [info] fatal: not a git repository (or any of the parent directories): .git
2025-11-28 09:03:20.407 [info] > git rev-parse --show-toplevel [524ms]
2025-11-28 09:03:20.407 [info] fatal: this operation must be run in a work tree
2025-11-28 09:03:20.437 [info] > git rev-parse --show-toplevel [7ms]
2025-11-28 09:03:20.437 [info] fatal: not a git repository (or any of the parent directories): .git
2025-11-28 09:03:20.450 [info] > git rev-parse --show-toplevel [4ms]
2025-11-28 09:03:20.450 [info] fatal: not a git repository (or any of the parent directories): .git
2025-11-28 09:03:20.467 [info] > git rev-parse --show-toplevel [4ms]
2025-11-28 09:03:20.467 [info] fatal: not a git repository (or any of the parent directories): .git
2025-11-28 09:03:20.469 [info] [Model][doInitialScan] Initial repository scan completed - repositories (0), closed repositories (0), parent repositories (0), unsafe repositories (0)
2025-11-28 09:03:21.320 [info] > git rev-parse --show-toplevel [6ms]
2025-11-28 09:03:21.320 [info] fatal: not a git repository (or any of the parent directories): .git
2025-11-28 09:03:21.586 [info] > git rev-parse --show-toplevel [3ms]
2025-11-28 09:03:21.586 [info] fatal: not a git repository (or any of the parent directories): .git
2025-11-28 09:03:26.509 [info] > git rev-parse --show-toplevel [26ms]
2025-11-28 09:03:26.509 [info] fatal: not a git repository (or any of the parent directories): .git
2025-11-28 09:03:59.563 [info] > git rev-parse --show-toplevel [2ms]
2025-11-28 09:03:59.563 [info] fatal: not a git repository (or any of the parent directories): .git
2025-11-28 09:04:39.235 [info] > git rev-parse --show-toplevel [4ms]
2025-11-28 09:04:39.235 [info] fatal: this operation must be run in a work tree
2025-11-28 09:04:43.965 [info] > git rev-parse --show-toplevel [2ms]
2025-11-28 09:04:43.965 [info] fatal: not a git repository (or any of the parent directories): .git
2025-11-28 09:04:47.815 [info] > git rev-parse --show-toplevel [3ms]
2025-11-28 09:04:47.815 [info] fatal: this operation must be run in a work tree
