2025-11-26 15:48:22.911 [info] Reading sessions from keychain...
2025-11-26 15:48:22.911 [info] Getting sessions for all scopes...
2025-11-26 15:48:22.911 [info] Got 0 sessions for ...
2025-11-26 15:48:22.911 [info] Getting sessions for all scopes...
2025-11-26 15:48:22.911 [info] Got 0 sessions for ...
2025-11-26 15:48:22.911 [info] Getting sessions for all scopes...
2025-11-26 15:48:22.911 [info] Got 0 sessions for ...
2025-11-26 15:48:22.911 [info] Getting sessions for all scopes...
2025-11-26 15:48:22.911 [info] Got 0 sessions for ...
2025-11-26 15:48:22.911 [info] Getting sessions for all scopes...
2025-11-26 15:48:22.911 [info] Got 0 sessions for ...
2025-11-26 15:48:22.911 [info] Getting sessions for all scopes...
2025-11-26 15:48:22.911 [info] Got 0 sessions for ...
2025-11-26 15:48:22.911 [info] Getting sessions for all scopes...
2025-11-26 15:48:22.911 [info] Got 0 sessions for ...
2025-11-26 15:48:22.911 [info] Getting sessions for all scopes...
2025-11-26 15:48:22.911 [info] Got 0 sessions for ...
2025-11-26 15:48:23.011 [info] Getting sessions for all scopes...
2025-11-26 15:48:23.012 [info] Got 0 sessions for ...
2025-11-26 15:48:23.013 [info] Getting sessions for all scopes...
2025-11-26 15:48:23.013 [info] Got 0 sessions for ...
2025-11-26 15:48:23.014 [info] Getting sessions for all scopes...
2025-11-26 15:48:23.014 [info] Got 0 sessions for ...
2025-11-26 15:48:23.014 [info] Getting sessions for all scopes...
2025-11-26 15:48:23.014 [info] Got 0 sessions for ...
2025-11-26 15:48:23.015 [info] Getting sessions for all scopes...
2025-11-26 15:48:23.015 [info] Got 0 sessions for ...
2025-11-26 15:48:23.015 [info] Getting sessions for all scopes...
2025-11-26 15:48:23.015 [info] Got 0 sessions for ...
2025-11-26 15:48:25.468 [info] Getting sessions for all scopes...
2025-11-26 15:48:25.571 [info] Got 0 sessions for ...
2025-11-26 15:48:25.593 [info] Getting sessions for read:user,repo,user:email,workflow...
2025-11-26 15:48:25.593 [info] Got 0 sessions for read:user,repo,user:email,workflow...
