2025-12-03 12:51:09.537 [info] Reading sessions from keychain...
2025-12-03 12:51:09.537 [info] Getting sessions for all scopes...
2025-12-03 12:51:10.013 [info] Got 0 sessions for ...
2025-12-03 12:51:10.013 [info] Getting sessions for all scopes...
2025-12-03 12:51:10.014 [info] Got 0 sessions for ...
2025-12-03 12:51:10.014 [info] Getting sessions for all scopes...
2025-12-03 12:51:10.014 [info] Got 0 sessions for ...
2025-12-03 12:51:10.014 [info] Getting sessions for all scopes...
2025-12-03 12:51:10.014 [info] Got 0 sessions for ...
2025-12-03 12:51:10.015 [info] Getting sessions for all scopes...
2025-12-03 12:51:10.015 [info] Got 0 sessions for ...
2025-12-03 12:51:10.015 [info] Getting sessions for all scopes...
2025-12-03 12:51:10.015 [info] Got 0 sessions for ...
2025-12-03 12:51:10.017 [info] Getting sessions for all scopes...
2025-12-03 12:51:10.017 [info] Got 0 sessions for ...
2025-12-03 12:51:10.555 [info] Getting sessions for all scopes...
2025-12-03 12:51:10.555 [info] Got 0 sessions for ...
2025-12-03 12:51:10.556 [info] Getting sessions for all scopes...
2025-12-03 12:51:10.556 [info] Got 0 sessions for ...
2025-12-03 12:51:10.557 [info] Getting sessions for all scopes...
2025-12-03 12:51:10.557 [info] Got 0 sessions for ...
2025-12-03 12:51:10.558 [info] Getting sessions for all scopes...
2025-12-03 12:51:10.558 [info] Got 0 sessions for ...
2025-12-03 12:51:10.559 [info] Getting sessions for all scopes...
2025-12-03 12:51:10.559 [info] Got 0 sessions for ...
2025-12-03 12:51:10.560 [info] Getting sessions for all scopes...
2025-12-03 12:51:10.560 [info] Got 0 sessions for ...
2025-12-03 12:51:10.587 [info] Getting sessions for all scopes...
2025-12-03 12:51:10.587 [info] Got 0 sessions for ...
2025-12-03 12:51:13.236 [info] Getting sessions for all scopes...
2025-12-03 12:51:13.236 [info] Got 0 sessions for ...
2025-12-03 12:51:14.218 [info] Getting sessions for read:user,repo,user:email,workflow...
2025-12-03 12:51:14.218 [info] Got 0 sessions for read:user,repo,user:email,workflow...
2025-12-03 17:15:48.317 [info] Getting sessions for read:user,repo,user:email,workflow...
2025-12-03 17:15:48.317 [info] Got 0 sessions for read:user,repo,user:email,workflow...
